<?xml version="1.0" encoding="UTF-8"?><testsuite errors="2" failures="0" name="Register" skipped="0" tests="2" time="1.9" timestamp="2021-06-15 10:17:50"><testcase name="Register in DemoGuru"><error message="Could not instantiate new WebDriver instance of type class org.openqa.selenium.firefox.FirefoxDriver (Cannot find firefox binary in PATH. Make sure firefox is installed. OS appears to be: WIN10&#10;Build info: version: '3.141.59', revision: 'e82be7d358', time: '2018-11-14T08:17:03'&#10;System info: host: 'DESKTOP-QOPM7QT', ip: '192.168.1.20', os.name: 'Windows 10', os.arch: 'amd64', os.version: '10.0', java.version: '1.8.0_291'&#10;Driver info: driver.version: ProvideNewDriver). See below for more details." type="net.thucydides.core.webdriver.DriverConfigurationError">Could not instantiate new WebDriver instance of type class org.openqa.selenium.firefox.FirefoxDriver (Cannot find firefox binary in PATH. Make sure firefox is installed. OS appears to be: WIN10
Build info: version: '3.141.59', revision: 'e82be7d358', time: '2018-11-14T08:17:03'
System info: host: 'DESKTOP-QOPM7QT', ip: '192.168.1.20', os.name: 'Windows 10', os.arch: 'amd64', os.version: '10.0', java.version: '1.8.0_291'
Driver info: driver.version: ProvideNewDriver). See below for more details.</error><system-err>Could not instantiate new WebDriver instance of type class org.openqa.selenium.firefox.FirefoxDriver (Cannot find firefox binary in PATH. Make sure firefox is installed. OS appears to be: WIN10
Build info: version: '3.141.59', revision: 'e82be7d358', time: '2018-11-14T08:17:03'
System info: host: 'DESKTOP-QOPM7QT', ip: '192.168.1.20', os.name: 'Windows 10', os.arch: 'amd64', os.version: '10.0', java.version: '1.8.0_291'
Driver info: driver.version: ProvideNewDriver). See below for more details.&#13;
com.demo.automations.steps.HomePageStep.openBrowser(HomePageStep.java:11)&#13;
com.demo.automations.stepdefinitions.RegisterStepDefinition.theUserEntersTheRegistrationPage(RegisterStepDefinition.java:25)&#13;
cucumber.runner.Runner.runPickle(Runner.java:80)&#13;
</system-err></testcase></testsuite>